<?xml version="1.0" encoding="UTF-8"?>
<!-- Generated by org.testng.reporters.JUnitReportReporter -->
<testsuite hostname="DESKTOP-8RI6OF2" failures="0" tests="5" name="pratice.BookTicket" time="0.015" errors="0" timestamp="2022-07-04T15:58:18 IST" skipped="0">
  <testcase classname="pratice.BookTicket" name="BoobTicketTest" time="0.002"/>
  <system-out/>
  <testcase classname="pratice.BookTicket" name="BoobTicketTest" time="0.001"/>
  <system-out/>
  <testcase classname="pratice.BookTicket" name="BoobTicketTest" time="0.001"/>
  <system-out/>
  <testcase classname="pratice.BookTicket" name="BoobTicketTest" time="0.003"/>
  <system-out/>
  <testcase classname="pratice.BookTicket" name="BoobTicketTest" time="0.008"/>
  <system-out/>
</testsuite> <!-- pratice.BookTicket -->
