<?xml version="1.0" encoding="UTF-8"?>
<!-- Generated by org.testng.reporters.JUnitReportReporter -->
<testsuite hostname="DESKTOP-8RI6OF2" failures="0" tests="5" name="pratice.SampleTest_dataProvider" time="0.011" errors="0" timestamp="2022-07-05T11:38:11 IST" skipped="0">
  <testcase classname="pratice.SampleTest_dataProvider" name="bookTicket" time="0.001"/>
  <system-out/>
  <testcase classname="pratice.SampleTest_dataProvider" name="bookTicket" time="0.001"/>
  <system-out/>
  <testcase classname="pratice.SampleTest_dataProvider" name="bookTicket" time="0.001"/>
  <system-out/>
  <testcase classname="pratice.SampleTest_dataProvider" name="bookTicket" time="0.002"/>
  <system-out/>
  <testcase classname="pratice.SampleTest_dataProvider" name="bookTicket" time="0.006"/>
  <system-out/>
</testsuite> <!-- pratice.SampleTest_dataProvider -->
