<?xml version="1.0" encoding="UTF-8"?>
<!-- Generated by org.testng.reporters.JUnitReportReporter -->
<testsuite hostname="DESKTOP-8RI6OF2" failures="0" tests="1" name="com.crm.sharphawk.organization.CreateOrganizationTestNg" time="18.876" errors="0" timestamp="2022-07-07T21:29:56 IST" skipped="0">
  <testcase classname="com.crm.sharphawk.organization.CreateOrganizationTestNg" name="CreateOrganization" time="18.876"/>
  <system-out/>
</testsuite> <!-- com.crm.sharphawk.organization.CreateOrganizationTestNg -->
