<?xml version="1.0" encoding="UTF-8"?>
<!-- Generated by org.testng.reporters.JUnitReportReporter -->
<testsuite hostname="DESKTOP-8RI6OF2" failures="0" tests="2" name="pratice.Dummy" time="0.009" errors="0" timestamp="2022-07-07T20:21:42 IST" skipped="0">
  <testcase classname="pratice.Dummy" name="testCase1" time="0.007"/>
  <system-out/>
  <testcase classname="pratice.Dummy" name="testCase2" time="0.002"/>
  <system-out/>
</testsuite> <!-- pratice.Dummy -->
