<?xml version="1.0" encoding="UTF-8"?>
<!-- Generated by org.testng.reporters.JUnitReportReporter -->
<testsuite hostname="DESKTOP-8RI6OF2" failures="0" tests="1" name="com.crm.sharphawk.contacts.CreateContactTest" time="14.491" errors="0" timestamp="2022-07-05T14:41:59 IST" skipped="0">
  <testcase classname="com.crm.sharphawk.contacts.CreateContactTest" name="createContact" time="14.491"/>
  <system-out/>
</testsuite> <!-- com.crm.sharphawk.contacts.CreateContactTest -->
